2025-07-21 03:23:05.385 - DBeaver 25.1.3.202507201530 is starting
2025-07-21 03:23:05.387 - OS: Windows 11 10.0 (amd64)
2025-07-21 03:23:05.387 - Java version: 21.0.5 by Eclipse Adoptium (64bit)
2025-07-21 03:23:05.387 - Install path: 'C:\Users\li\AppData\Local\DBeaver'
2025-07-21 03:23:05.388 - Instance path: 'file:/C:/Users/li/Li_Zexuan/SQL/新建文件夹/'
2025-07-21 03:23:05.389 - Memory available 64Mb/1024Mb
2025-07-21 03:23:05.402 - Create display
2025-07-21 03:23:05.588 - Initialize desktop platform...
2025-07-21 03:23:05.723 - BounceCastle bundle found. Use JCE provider BC
> Start Core File Systems [org.eclipse.core.filesystem 1.11.200.v20250513-1234]
> Start Core Resource Management [org.eclipse.core.resources 3.22.200.v20250513-1234]
Warning: NLS unused message: Team_Conflict_occured_for_ignored_resources_pattern in: org.eclipse.team.internal.core.messages
> Start 小组支持核心 [org.eclipse.team.core 3.10.700.v20250313-0656]
> Start DBeaver UI Navigator [org.jkiss.dbeaver.ui.navigator 1.0.159.202507201530]
Warning: NLS unused message: WorkbenchPreference_reuseEditorsThreshold in: org.eclipse.ui.internal.messages
Warning: NLS unused message: Workbench_missingPropertyMessage in: org.eclipse.ui.internal.messages
2025-07-21 03:23:06.091 - Initialize base platform...
2025-07-21 03:23:06.124 - Platform initialized (535ms)
2025-07-21 03:23:06.124 - Resetting workbench due to the version change (null -> 25.1.2)
2025-07-21 03:23:06.163 - Starting instance server at http://localhost:57989
2025-07-21 03:23:06.169 - Run workbench
> Start Eclipse e4 工作台 SWT [org.eclipse.e4.ui.workbench.swt 0.17.800.v20250422-1254]
> Start Eclipse Application Services [org.eclipse.e4.core.services 2.5.200.v20250326-1945]
> Start Eclipse UI Application Services [org.eclipse.e4.ui.services 1.6.500.v20250123-0754]
> Start Eclipse e4 Progress View [org.eclipse.e4.ui.progress 0.4.800.v20250422-1254]
> Start Eclipse Bindings Support [org.eclipse.e4.ui.bindings 0.14.600.v20250331-1050]
> Start Eclipse e4 core commands [org.eclipse.e4.core.commands 1.1.600.v20250307-1331]
> Start EMF XML/XMI Persistence [org.eclipse.emf.ecore.xmi 2.39.0.v20250414-1351]
> Start Eclipse CSS SWT Theme Support [org.eclipse.e4.ui.css.swt.theme 0.14.500.v20250213-1508]
> Start Eclipse e4 工作台加载项 [org.eclipse.e4.ui.workbench.addons.swt 1.5.700.v20250422-1254]
> Start Eclipse e4 工作台 SWT 呈现器 [org.eclipse.e4.ui.workbench.renderers.swt 0.16.800.v20250519-1609]
> Start Eclipse Dependency Injection Extensions [org.eclipse.e4.core.di.extensions 0.18.300.v20240413-1529]
> Start Eclipse CSS SWT Support [org.eclipse.e4.ui.css.swt 0.15.600.v20250409-1135]
Warning: NLS unused message: UriHandlerPreferencePage_Warning_OtherApp in: org.eclipse.ui.internal.ide.messages
2025-07-21 03:23:07.722 - Configure workbench window
> Start DBeaver SQL Model [org.jkiss.dbeaver.model.sql 1.0.149.202507201530]
2025-07-21 03:23:07.914 - Total database drivers: 124 (124)
> Start 帮助系统核心 [org.eclipse.help 3.10.500.v20250423-1201]
> Start 缺省文本编辑器 [org.eclipse.ui.editors 3.20.0.v20250514-1719]
> Start 文本编辑器框架 [org.eclipse.ui.workbench.texteditor 3.19.200.v20250514-1719]
2025-07-21 03:23:08.038 - Create actions
2025-07-21 03:23:08.065 - Disable Eclipse action set 'org.eclipse.ui.edit.text.actionSet.annotationNavigation'
2025-07-21 03:23:08.065 - Disable Eclipse action set 'org.eclipse.ui.WorkingSetActionSet'
2025-07-21 03:23:08.066 - Disable Eclipse action set 'org.eclipse.ui.actionSet.openFiles'
2025-07-21 03:23:08.066 - Create workbench actions
2025-07-21 03:23:09.564 - Initialize workbench window
2025-07-21 03:23:09.567 - Finish initialization
> Start DBeaver UI Editors - Data [org.jkiss.dbeaver.ui.editors.data 1.0.159.202507201530]
> Start Equinox Java Authentication and Authorization Service (JAAS) [org.eclipse.equinox.security 1.4.600.v20250521-0413]
> Start 因特网连接管理 UI [org.eclipse.ui.net 1.5.400.v20240413-1529]
> Start Internet Connection Management [org.eclipse.core.net 1.5.700.v20250313-0656]
> Start DBeaver UI Editors - SQL [org.jkiss.dbeaver.ui.editors.sql 1.0.159.202507201530]
> Start DBeaver Dashboard UI [org.jkiss.dbeaver.ui.dashboard 1.0.156.202507201530]
> Start GEF Classic Draw2d [org.eclipse.draw2d 3.20.0.202505280821]
> Start GEF Classic GEF (MVC) [org.eclipse.gef 3.22.0.202505280821]
> Start DBeaver ERD UI [org.jkiss.dbeaver.ui.editors.erd 3.1.0.202507201530]
> Start DBeaver ERD Model [org.jkiss.dbeaver.model.erd 1.1.0.202507201530]
> Start DBeaver Sample Database [org.jkiss.dbeaver.ui.config.sample 1.0.196.202507201530]
2025-07-21 03:23:16.667 - Open [https://dbeaver.io/product/version.xml]
> Start DBeaver PostgreSQL UI [org.jkiss.dbeaver.ext.postgresql.ui 1.0.135.202507201530]
> Start DBeaver JDBC Model [org.jkiss.dbeaver.model.jdbc 1.0.52.202507201530]
> Start DBeaver PostgreSQL Model [org.jkiss.dbeaver.ext.postgresql 2.1.232.202507201530]
2025-07-21 03:23:26.202 - Service 'org.jkiss.dbeaver.ui.UIServiceConnectionEditor' not found
2025-07-21 03:23:26.318 - Service 'org.jkiss.dbeaver.runtime.ui.UIServiceSecurity' not found
2025-07-21 03:23:33.322 - Open [https://repo1.maven.org/maven2/org/postgresql/postgresql/42.7.2/postgresql-42.7.2.pom]
2025-07-21 03:23:34.649 - Open [https://repo1.maven.org/maven2/org/checkerframework/checker-qual/3.42.0/checker-qual-3.42.0.pom]
2025-07-21 03:23:35.037 - Open [https://repo1.maven.org/maven2/net/postgis/postgis-jdbc/2.5.0/postgis-jdbc-2.5.0.pom]
2025-07-21 03:23:35.375 - Open [https://repo1.maven.org/maven2/net/postgis/postgis-java-aggregator/2.5.0/postgis-java-aggregator-2.5.0.pom]
2025-07-21 03:23:35.784 - Open [https://repo1.maven.org/maven2/org/testcontainers/testcontainers-bom/1.13.0/testcontainers-bom-1.13.0.pom]
2025-07-21 03:23:36.166 - Open [https://repo1.maven.org/maven2/net/postgis/postgis-geometry/2.5.0/postgis-geometry-2.5.0.pom]
2025-07-21 03:23:36.500 - Open [https://repo1.maven.org/maven2/com/github/waffle/waffle-jna/1.9.1/waffle-jna-1.9.1.pom]
2025-07-21 03:23:36.881 - Open [https://repo1.maven.org/maven2/com/github/waffle/waffle-parent/1.9.1/waffle-parent-1.9.1.pom]
2025-07-21 03:23:37.496 - Open [https://repo1.maven.org/maven2/net/java/dev/jna/jna/4.5.1/jna-4.5.1.pom]
2025-07-21 03:23:37.801 - Open [https://repo1.maven.org/maven2/net/java/dev/jna/jna-platform/4.5.1/jna-platform-4.5.1.pom]
2025-07-21 03:23:38.108 - Open [https://repo1.maven.org/maven2/org/slf4j/jcl-over-slf4j/1.7.25/jcl-over-slf4j-1.7.25.pom]
2025-07-21 03:23:38.414 - Open [https://repo1.maven.org/maven2/org/slf4j/slf4j-parent/1.7.25/slf4j-parent-1.7.25.pom]
2025-07-21 03:23:38.721 - Open [https://repo1.maven.org/maven2/org/slf4j/slf4j-api/1.7.25/slf4j-api-1.7.25.pom]
2025-07-21 03:23:39.058 - Open [https://repo1.maven.org/maven2/com/github/ben-manes/caffeine/caffeine/2.6.2/caffeine-2.6.2.pom]
2025-07-21 03:23:45.662 - Open [https://repo1.maven.org/maven2/org/postgresql/postgresql/42.7.2/postgresql-42.7.2.jar]
2025-07-21 03:23:48.393 - Open [https://repo1.maven.org/maven2/org/checkerframework/checker-qual/3.42.0/checker-qual-3.42.0.jar]
2025-07-21 03:23:48.773 - Open [https://repo1.maven.org/maven2/net/postgis/postgis-jdbc/2.5.0/postgis-jdbc-2.5.0.jar]
2025-07-21 03:23:49.170 - Open [https://repo1.maven.org/maven2/net/postgis/postgis-geometry/2.5.0/postgis-geometry-2.5.0.jar]
2025-07-21 03:23:49.483 - Open [https://repo1.maven.org/maven2/com/github/waffle/waffle-jna/1.9.1/waffle-jna-1.9.1.jar]
2025-07-21 03:23:49.784 - Open [https://repo1.maven.org/maven2/net/java/dev/jna/jna/4.5.1/jna-4.5.1.jar]
2025-07-21 03:23:50.478 - Open [https://repo1.maven.org/maven2/net/java/dev/jna/jna-platform/4.5.1/jna-platform-4.5.1.jar]
2025-07-21 03:23:51.426 - Open [https://repo1.maven.org/maven2/org/slf4j/jcl-over-slf4j/1.7.25/jcl-over-slf4j-1.7.25.jar]
2025-07-21 03:23:51.726 - Open [https://repo1.maven.org/maven2/org/slf4j/slf4j-api/1.7.25/slf4j-api-1.7.25.jar]
2025-07-21 03:23:52.033 - Open [https://repo1.maven.org/maven2/com/github/ben-manes/caffeine/caffeine/2.6.2/caffeine-2.6.2.jar]
2025-07-21 03:23:52.565 - Connect with 'postgres' (postgres-jdbc-198294a8440-584d752171f3d284)
> Start DBeaver GIS Support [org.jkiss.dbeaver.data.gis 1.0.183.202507201530]
2025-07-21 03:23:52.669 - Execution context opened (postgres; Main <postgres>; 0)
2025-07-21 03:23:52.669 - Initiate connection to PostgreSQL database [postgres@localhost] for Main <postgres>
2025-07-21 03:23:52.911 - Execution context opened (postgres; Metadata <postgres>; 1)
2025-07-21 03:23:52.911 - Initiate connection to PostgreSQL database [postgres@localhost] for Metadata <postgres>
2025-07-21 03:23:53.026 - Connected (postgres-jdbc-198294a8440-584d752171f3d284, PostgreSQL JDBC Driver [42.7.2])
Warning: NLS unused message: FindReplace_RegExCheckbox_label in: org.eclipse.ui.texteditor.EditorMessages
Warning: NLS unused message: FindReplace_Status_wrapped_label in: org.eclipse.ui.texteditor.EditorMessages
Warning: NLS unused message: FindReplace_WrapCheckBox_label in: org.eclipse.ui.texteditor.EditorMessages
Warning: NLS unused message: FindReplace_IncrementalCheckBox_label in: org.eclipse.ui.texteditor.EditorMessages
Warning: NLS unused message: FindReplace_Options in: org.eclipse.ui.texteditor.EditorMessages
Warning: NLS unused message: FindReplace_ReplaceSelectionButton_label in: org.eclipse.ui.texteditor.EditorMessages
Warning: NLS unused message: FindReplace_SelectedRangeRadioButton_label in: org.eclipse.ui.texteditor.EditorMessages
Warning: NLS unused message: FindReplace_Status_noMatchWithValue_label in: org.eclipse.ui.texteditor.EditorMessages
Warning: NLS unused message: FindReplace_SelectAllButton_label in: org.eclipse.ui.texteditor.EditorMessages
Warning: NLS unused message: FindReplace_Status_noMatch_label in: org.eclipse.ui.texteditor.EditorMessages
Warning: NLS unused message: FindReplace_GlobalRadioButton_label in: org.eclipse.ui.texteditor.EditorMessages
Warning: NLS unused message: FindReplace_WholeWordCheckBox_label in: org.eclipse.ui.texteditor.EditorMessages
Warning: NLS unused message: FindReplace_ReplaceFindButton_label in: org.eclipse.ui.texteditor.EditorMessages
Warning: NLS unused message: FindReplace_BackwardRadioButton_label in: org.eclipse.ui.texteditor.EditorMessages
Warning: NLS unused message: FindReplace_CloseButton_label in: org.eclipse.ui.texteditor.EditorMessages
Warning: NLS unused message: FindReplace_Replace_label in: org.eclipse.ui.texteditor.EditorMessages
Warning: NLS unused message: FindReplace_Status_selection_label in: org.eclipse.ui.texteditor.EditorMessages
Warning: NLS unused message: FindReplace_CaseCheckBox_label in: org.eclipse.ui.texteditor.EditorMessages
Warning: NLS unused message: FindReplace_Status_replacement_label in: org.eclipse.ui.texteditor.EditorMessages
Warning: NLS unused message: FindReplace_Status_selections_label in: org.eclipse.ui.texteditor.EditorMessages
Warning: NLS unused message: FindReplace_Status_replacements_label in: org.eclipse.ui.texteditor.EditorMessages
Warning: NLS unused message: FindReplace_title in: org.eclipse.ui.texteditor.EditorMessages
Warning: NLS unused message: FindReplace_Direction in: org.eclipse.ui.texteditor.EditorMessages
Warning: NLS unused message: FindReplace_ReplaceAllButton_label in: org.eclipse.ui.texteditor.EditorMessages
Warning: NLS unused message: FindReplace_Scope in: org.eclipse.ui.texteditor.EditorMessages
Warning: NLS unused message: FindReplace_Find_label in: org.eclipse.ui.texteditor.EditorMessages
Warning: NLS unused message: FindReplace_ForwardRadioButton_label in: org.eclipse.ui.texteditor.EditorMessages
Warning: NLS unused message: FindReplace_FindNextButton_label in: org.eclipse.ui.texteditor.EditorMessages
> Start DBeaver SQL Terminal [org.jkiss.dbeaver.ui.editors.sql.terminal 1.0.135.202507201530]
> Start DBeaver AI Model [org.jkiss.dbeaver.model.ai 2.0.2.202507201530]
> Start DBeaver SQL Editors - AI integration [org.jkiss.dbeaver.ui.ai 1.0.61.202507201530]
> Start 核心比较支持 [org.eclipse.compare.core 3.8.700.v20250120-0641]
> Start 控制台 [org.eclipse.ui.console 3.14.300.v20250509-1251]
> Start 调试核心 [org.eclipse.debug.core 3.23.0.v20250509-1924]
2025-07-21 03:25:56.201 - Execution context opened (postgres; SQLEditor <Script.sql>; 2)
2025-07-21 03:25:56.201 - Initiate connection to PostgreSQL database [postgres@localhost] for SQLEditor <Script.sql>
> Start DBeaver Tasks - Native Tools UI [org.jkiss.dbeaver.tasks.native.ui 1.0.137.202507201530]
> Start DBeaver Tasks - General UI [org.jkiss.dbeaver.tasks.ui 1.0.137.202507201530]
> Start DBeaver SQL Language Semantic Model [org.jkiss.dbeaver.model.lsm 1.0.54.202507201530]
2025-07-21 03:27:23.375 - SQL 错误 [42P04]: ERROR: database "dutchairport" already exists

错误位置:
org.jkiss.dbeaver.model.sql.DBSQLException: SQL 错误 [42P04]: ERROR: database "dutchairport" already exists
	at org.jkiss.dbeaver.model.impl.jdbc.exec.JDBCStatementImpl.executeStatement(JDBCStatementImpl.java:130)
	at org.jkiss.dbeaver.ui.editors.sql.execute.SQLQueryJob.executeStatement(SQLQueryJob.java:657)
	at org.jkiss.dbeaver.ui.editors.sql.execute.SQLQueryJob.lambda$2(SQLQueryJob.java:550)
	at org.jkiss.dbeaver.model.exec.DBExecUtils.tryExecuteRecover(DBExecUtils.java:189)
	at org.jkiss.dbeaver.ui.editors.sql.execute.SQLQueryJob.executeSingleQuery(SQLQueryJob.java:569)
	at org.jkiss.dbeaver.ui.editors.sql.execute.SQLQueryJob.extractData(SQLQueryJob.java:1043)
	at org.jkiss.dbeaver.ui.editors.sql.SQLEditor$QueryResultsContainer.readData(SQLEditor.java:4536)
	at org.jkiss.dbeaver.ui.controls.resultset.ResultSetJobDataRead.lambda$0(ResultSetJobDataRead.java:128)
	at org.jkiss.dbeaver.model.exec.DBExecUtils.tryExecuteRecover(DBExecUtils.java:189)
	at org.jkiss.dbeaver.ui.controls.resultset.ResultSetJobDataRead.run(ResultSetJobDataRead.java:126)
	at org.jkiss.dbeaver.ui.controls.resultset.ResultSetViewer$ResultSetDataPumpJob.run(ResultSetViewer.java:5161)
	at org.jkiss.dbeaver.model.runtime.AbstractJob.run(AbstractJob.java:119)
	at org.eclipse.core.internal.jobs.Worker.run(Worker.java:63)
Caused by: org.postgresql.util.PSQLException: ERROR: database "dutchairport" already exists
	at org.postgresql.core.v3.QueryExecutorImpl.receiveErrorResponse(QueryExecutorImpl.java:2725)
	at org.postgresql.core.v3.QueryExecutorImpl.processResults(QueryExecutorImpl.java:2412)
	at org.postgresql.core.v3.QueryExecutorImpl.execute(QueryExecutorImpl.java:371)
	at org.postgresql.jdbc.PgStatement.executeInternal(PgStatement.java:502)
	at org.postgresql.jdbc.PgStatement.execute(PgStatement.java:419)
	at org.postgresql.jdbc.PgStatement.executeWithFlags(PgStatement.java:341)
	at org.postgresql.jdbc.PgStatement.executeCachedSql(PgStatement.java:326)
	at org.postgresql.jdbc.PgStatement.executeWithFlags(PgStatement.java:302)
	at org.postgresql.jdbc.PgStatement.execute(PgStatement.java:297)
	at org.jkiss.dbeaver.model.impl.jdbc.exec.JDBCStatementImpl.execute(JDBCStatementImpl.java:344)
	at org.jkiss.dbeaver.model.impl.jdbc.exec.JDBCStatementImpl.executeStatement(JDBCStatementImpl.java:128)
	... 12 more
> Start Data Transfer UI [org.jkiss.dbeaver.data.transfer.ui 1.0.143.202507201530]
2025-07-21 03:27:30.267 - Service 'org.jkiss.dbeaver.ui.UIServiceConnectionEditor' not found
2025-07-21 03:27:30.302 - Service 'org.jkiss.dbeaver.runtime.ui.UIServiceSecurity' not found
2025-07-21 03:27:34.162 - Execution context closed (postgres, 0)
2025-07-21 03:27:34.173 - Execution context closed (postgres, 1)
2025-07-21 03:27:34.185 - Execution context closed (postgres, 2)
2025-07-21 03:27:34.185 - Disconnected (postgres-jdbc-198294a8440-584d752171f3d284)
2025-07-21 03:27:34.230 - Connect with 'postgres' (postgres-jdbc-198294a8440-584d752171f3d284)
2025-07-21 03:27:34.263 - Execution context opened (postgres; Main <postgres>; 3)
2025-07-21 03:27:34.264 - Initiate connection to PostgreSQL database [postgres@localhost] for Main <postgres>
2025-07-21 03:27:34.310 - Execution context opened (postgres; Metadata <postgres>; 4)
2025-07-21 03:27:34.311 - Initiate connection to PostgreSQL database [postgres@localhost] for Metadata <postgres>
2025-07-21 03:27:34.400 - Connected (postgres-jdbc-198294a8440-584d752171f3d284, PostgreSQL JDBC Driver [42.7.2])
2025-07-21 03:27:34.426 - Execution context opened (postgres; SQLEditor <Script.sql>; 5)
2025-07-21 03:27:34.427 - Initiate connection to PostgreSQL database [postgres@localhost] for SQLEditor <Script.sql>
> Start DBeaver Data Transfer [org.jkiss.dbeaver.data.transfer 2.0.143.202507201530]
2025-07-21 03:28:16.726 - Execution context closed (postgres, 5)
2025-07-21 03:28:18.921 - Execution context opened (postgres; SQLEditor <01_create_database.sql>; 6)
2025-07-21 03:28:18.921 - Initiate connection to PostgreSQL database [postgres@localhost] for SQLEditor <01_create_database.sql>
2025-07-21 03:28:22.344 - Execution context closed (postgres, 6)
2025-07-21 04:15:33.412 - No execution context within database instance
2025-07-21 04:15:33.413 - Execution context opened (postgres; SQLEditor <Script.sql>; 7)
2025-07-21 04:15:33.413 - Initiate connection to PostgreSQL database [dutchairport@localhost] for SQLEditor <Script.sql>
2025-07-21 04:15:33.456 - Execution context opened (postgres; Main <dutchairport>; 8)
2025-07-21 04:15:33.456 - Initiate connection to PostgreSQL database [dutchairport@localhost] for Main <dutchairport>
2025-07-21 04:15:33.507 - Execution context opened (postgres; Metadata <dutchairport>; 9)
2025-07-21 04:15:33.507 - Initiate connection to PostgreSQL database [dutchairport@localhost] for Metadata <dutchairport>
2025-07-21 04:26:45.486 - Execution context opened (postgres; SQLEditor <01_create_database.sql>; 10)
2025-07-21 04:26:45.487 - Initiate connection to PostgreSQL database [postgres@localhost] for SQLEditor <01_create_database.sql>
2025-07-21 04:35:01.247 - NLS unused message: data_transfer_db_consumer_button_configure_description in: org.jkiss.dbeaver.tools.transfer.internal.DTMessages
2025-07-21 04:35:01.248 - NLS unused message: data_transfer_db_consumer_button_configure in: org.jkiss.dbeaver.tools.transfer.internal.DTMessages
2025-07-21 04:35:12.084 - Execution context opened (Aviation; monthly figures of Dutch airports.csv; Main; 11)
2025-07-21 04:37:50.163 - Can't find target attribute '"Commercial air traffic Flights
All flights
Total flights (number)"' in 'aviation'
2025-07-21 04:37:50.362 - Execution context opened (postgres; Data transfer consumer; 12)
2025-07-21 04:37:50.363 - Initiate connection to PostgreSQL database [dutchairport@localhost] for Data transfer consumer
2025-07-21 04:37:50.540 - Execution context closed (postgres, 12)
2025-07-21 04:37:50.541 - Can't find target attribute '"Commercial air traffic Flights
All flights
Total flights (number)"' in 'aviation'
> Start DBeaver Tasks - Native Tools [org.jkiss.dbeaver.tasks.native 1.0.137.202507201530]
2025-07-21 04:41:56.161 - Execution context opened (postgres; SQLEditor <Script.sql>; 13)
2025-07-21 04:41:56.161 - Initiate connection to PostgreSQL database [dutchairport@localhost] for SQLEditor <Script.sql>
2025-07-21 05:09:30.342 - Execution context opened (postgres; SQLEditor <Script.sql>; 14)
2025-07-21 05:09:30.343 - Initiate connection to PostgreSQL database [dutchairport@localhost] for SQLEditor <Script.sql>
2025-07-21 05:10:04.189 - Execution context closed (postgres, 7)
2025-07-21 05:10:04.242 - Execution context closed (postgres, 10)
2025-07-21 05:10:04.305 - Execution context closed (postgres, 13)
2025-07-21 05:10:04.380 - Execution context closed (postgres, 14)
2025-07-21 05:10:04.825 - Dispose navigator model
2025-07-21 05:10:04.897 - DBeaver is stopping
2025-07-21 05:10:04.898 - Stop instance server
2025-07-21 05:10:05.903 - Instance server has been stopped
2025-07-21 05:10:05.903 - DBeaver shutdown completed
